<?xml version="1.0" encoding="UTF-8"?><testsuite failures="0" name="cucumber.runtime.formatter.JUnitFormatter" skipped="0" tests="1" time="52.045317">
<testcase classname="Local 13 Manage Classification" name="Manage Attendence Category - Create Category" time="52.045317">
<system-out><![CDATA[Given The User is logged in.................................................passed
When User is on Manage Attendence Create Category Page......................passed
And User Enters Valid Data and Clicks on Submit.............................passed
Then New Category is displayed in the grid..................................passed
]]></system-out>
</testcase>
</testsuite>
